<?xml version="1.0" encoding="UTF-8"?>
<testng-results ignored="1" total="4" passed="3" failed="0" skipped="0">
  <reporter-output>
  </reporter-output>
  <suite started-at="2025-07-15T21:59:48 IST" name="Default suite" finished-at="2025-07-15T21:59:54 IST" duration-ms="5595">
    <groups>
    </groups>
    <test started-at="2025-07-15T21:59:48 IST" name="Default test" finished-at="2025-07-15T21:59:54 IST" duration-ms="5595">
      <class name="com.satish.RestAssured.DynamicJson">
        <test-method signature="DeleteBook(java.lang.String,java.lang.String)[pri:0, instance:com.satish.RestAssured.DynamicJson@6aeb35e6]" started-at="2025-07-15T21:59:48 IST" name="DeleteBook" data-provider="BookData" finished-at="2025-07-15T21:59:53 IST" duration-ms="4906" status="PASS">
          <params>
            <param index="0">
              <value>
                <![CDATA[Satish]]>
              </value>
            </param>
            <param index="1">
              <value>
                <![CDATA[123]]>
              </value>
            </param>
          </params>
          <reporter-output>
          </reporter-output>
        </test-method> <!-- DeleteBook -->
        <test-method signature="DeleteBook(java.lang.String,java.lang.String)[pri:0, instance:com.satish.RestAssured.DynamicJson@6aeb35e6]" started-at="2025-07-15T21:59:53 IST" name="DeleteBook" data-provider="BookData" finished-at="2025-07-15T21:59:53 IST" duration-ms="301" status="PASS">
          <params>
            <param index="0">
              <value>
                <![CDATA[Little]]>
              </value>
            </param>
            <param index="1">
              <value>
                <![CDATA[123]]>
              </value>
            </param>
          </params>
          <reporter-output>
          </reporter-output>
        </test-method> <!-- DeleteBook -->
        <test-method signature="DeleteBook(java.lang.String,java.lang.String)[pri:0, instance:com.satish.RestAssured.DynamicJson@6aeb35e6]" started-at="2025-07-15T21:59:53 IST" name="DeleteBook" data-provider="BookData" finished-at="2025-07-15T21:59:54 IST" duration-ms="247" status="PASS">
          <params>
            <param index="0">
              <value>
                <![CDATA[Linu]]>
              </value>
            </param>
            <param index="1">
              <value>
                <![CDATA[123]]>
              </value>
            </param>
          </params>
          <reporter-output>
          </reporter-output>
        </test-method> <!-- DeleteBook -->
      </class> <!-- com.satish.RestAssured.DynamicJson -->
    </test> <!-- Default test -->
  </suite> <!-- Default suite -->
</testng-results>
