<?xml version="1.0" encoding="UTF-8"?>
<!-- Generated by org.testng.reporters.JUnitXMLReporter -->
<testsuite ignored="1" hostname="DESKTOP-QEQIIS7" failures="0" tests="3" name="Default test" time="5.595" errors="0" timestamp="2025-07-15T21:59:54 IST">
  <testcase classname="com.satish.RestAssured.DynamicJson" name="DeleteBook" time="4.906"/>
  <testcase classname="com.satish.RestAssured.DynamicJson" name="DeleteBook" time="0.301"/>
  <testcase classname="com.satish.RestAssured.DynamicJson" name="DeleteBook" time="0.247"/>
  <testcase classname="com.satish.RestAssured.DynamicJson" name="AddBook" time="0.0">
    <ignored/>
  </testcase> <!-- AddBook -->
</testsuite> <!-- Default test -->
